<?xml version="1.0" encoding="UTF-8"?>
<!-- Generated by org.testng.reporters.JUnitReportReporter -->
<testsuite hostname="DESKTOP-D2FAL3B" failures="0" tests="2" name="RestAssured.Test.loginTest" time="6.003" errors="0" timestamp="29 Aug 2022 14:38:12 GMT" skipped="0">
  <testcase classname="RestAssured.Test.loginTest" name="Login_req" time="5.834"/>
  <testcase classname="RestAssured.Test.loginTest" name="addData" time="0.169"/>
</testsuite> <!-- RestAssured.Test.loginTest -->
