<?xml version="1.0" encoding="UTF-8"?>
<!-- Generated by org.testng.reporters.JUnitReportReporter -->
<testsuite hostname="DESKTOP-D2FAL3B" failures="0" tests="1" name="RestAssured.Api.loginTest" time="2.702" errors="0" timestamp="24 Aug 2022 15:30:53 GMT" skipped="0">
  <testcase classname="RestAssured.Api.loginTest" name="Login_req" time="2.702"/>
</testsuite> <!-- RestAssured.Api.loginTest -->
