<?xml version="1.0" encoding="UTF-8"?>
<!-- Generated by org.testng.reporters.JUnitReportReporter -->
<testsuite hostname="DESKTOP-D2FAL3B" failures="0" tests="1" name="RestAssured.Test.addDataTest" time="7.070" errors="0" timestamp="25 Aug 2022 15:48:20 GMT" skipped="0">
  <testcase classname="RestAssured.Test.addDataTest" name="addData" time="7.070"/>
</testsuite> <!-- RestAssured.Test.addDataTest -->
